#
# There is insufficient memory for the Java Runtime Environment to continue.
# Native memory allocation (malloc) failed to allocate 65600 bytes for Chunk::new
# Possible reasons:
#   The system is out of physical RAM or swap space
#   The process is running with CompressedOops enabled, and the Java Heap may be blocking the growth of the native heap
# Possible solutions:
#   Reduce memory load on the system
#   Increase physical memory or swap space
#   Check if swap backing store is full
#   Decrease Java heap size (-Xmx/-Xms)
#   Decrease number of Java threads
#   Decrease Java thread stack sizes (-Xss)
#   Set larger code cache with -XX:ReservedCodeCacheSize=
#   JVM is running with Unscaled Compressed Oops mode in which the Java heap is
#     placed in the first 4GB address space. The Java Heap base address is the
#     maximum limit for the native heap growth. Please use -XX:HeapBaseMinAddress
#     to set the Java Heap base and to place the Java Heap above 4GB virtual address.
# This output file may be truncated or incomplete.
#
#  Out of Memory Error (allocation.cpp:389), pid=10272, tid=0x000000000000256c
#
# JRE version: OpenJDK Runtime Environment (8.0_212-b04) (build 1.8.0_212-release-1586-b04)
# Java VM: OpenJDK 64-Bit Server VM (25.212-b04 mixed mode windows-amd64 compressed oops)
# Failed to write core dump. Minidumps are not enabled by default on client versions of Windows
#

---------------  T H R E A D  ---------------

Current thread (0x0000000015ec5000):  JavaThread "C2 CompilerThread1" daemon [_thread_in_native, id=9580, stack(0x0000000017620000,0x0000000017720000)]

Stack: [0x0000000017620000,0x0000000017720000]
[error occurred during error reporting (printing stack bounds), id 0xc0000005]

Native frames: (J=compiled Java code, j=interpreted, Vv=VM code, C=native code)


Current CompileTask:
C2: 588212 14713       4       org.gradle.internal.logging.sink.OutputEventTransformer::onOutput (399 bytes)


---------------  P R O C E S S  ---------------

Java Threads: ( => current thread )
  0x0000000018345000 JavaThread "Exec process Thread 6" [_thread_in_native, id=12988, stack(0x00000000248b0000,0x00000000249b0000)]
  0x0000000018344800 JavaThread "Exec process Thread 5" [_thread_in_native, id=6780, stack(0x00000000245b0000,0x00000000246b0000)]
  0x0000000020886800 JavaThread "Exec process Thread 4" [_thread_in_native, id=6836, stack(0x00000000244b0000,0x00000000245b0000)]
  0x000000002088c000 JavaThread "Cache worker for execution history cache (C:\Users\user\AndroidStudioProjects\flutter_app\android\.gradle\5.6.2\executionHistory)" [_thread_blocked, id=8004, stack(0x0000000024170000,0x0000000024270000)]
  0x0000000020886000 JavaThread "Execution worker for ':' Thread 3" [_thread_blocked, id=13240, stack(0x0000000024070000,0x0000000024170000)]
  0x000000002087f000 JavaThread "Execution worker for ':' Thread 2" [_thread_blocked, id=3328, stack(0x0000000023f70000,0x0000000024070000)]
  0x0000000020882000 JavaThread "Execution worker for ':'" [_thread_blocked, id=12668, stack(0x0000000023cb0000,0x0000000023db0000)]
  0x000000002087e800 JavaThread "Cache worker for file content cache (C:\Users\user\AndroidStudioProjects\flutter_app\android\.gradle\5.6.2\fileContent)" [_thread_blocked, id=8664, stack(0x0000000023bb0000,0x0000000023cb0000)]
  0x0000000020884800 JavaThread "Cache worker for Build Output Cleanup Cache (C:\Users\user\AndroidStudioProjects\flutter_app\android\.gradle\buildOutputCleanup)" [_thread_blocked, id=1892, stack(0x00000000238b0000,0x00000000239b0000)]
  0x0000000020881800 JavaThread "Build operations Thread 4" [_thread_blocked, id=11016, stack(0x0000000023100000,0x0000000023200000)]
  0x0000000020885000 JavaThread "Build operations Thread 3" [_thread_blocked, id=11608, stack(0x000000001f800000,0x000000001f900000)]
  0x0000000018a76800 JavaThread "Build operations Thread 2" [_thread_blocked, id=4156, stack(0x000000001f700000,0x000000001f800000)]
  0x0000000018a7b000 JavaThread "Build operations" [_thread_blocked, id=4168, stack(0x000000001f600000,0x000000001f700000)]
  0x0000000018a79000 JavaThread "Cache worker for cache directory md-rule (C:\Users\user\.gradle\caches\5.6.2\md-rule)" [_thread_blocked, id=4328, stack(0x000000001f080000,0x000000001f180000)]
  0x0000000018a72000 JavaThread "Cache worker for cache directory md-supplier (C:\Users\user\.gradle\caches\5.6.2\md-supplier)" [_thread_blocked, id=9212, stack(0x000000001ee20000,0x000000001ef20000)]
  0x0000000018a73000 JavaThread "Cache worker for file hash cache (C:\Users\user\AndroidStudioProjects\flutter_app\android\.gradle\5.6.2\fileHashes)" [_thread_blocked, id=3112, stack(0x000000001ea60000,0x000000001eb60000)]
  0x0000000018a6e800 JavaThread "Thread-38" [_thread_blocked, id=11980, stack(0x000000001d110000,0x000000001d210000)]
  0x0000000018a70800 JavaThread "Stdin handler" [_thread_blocked, id=3208, stack(0x000000001ce10000,0x000000001cf10000)]
  0x0000000018a71800 JavaThread "Asynchronous log dispatcher for DefaultDaemonConnection: socket connection from /127.0.0.1:13988 to /127.0.0.1:14469" [_thread_blocked, id=3256, stack(0x000000001b740000,0x000000001b840000)]
  0x0000000018a6d800 JavaThread "Daemon worker Thread 2" [_thread_blocked, id=7316, stack(0x000000001b240000,0x000000001b340000)]
  0x0000000018a70000 JavaThread "Cancel handler" [_thread_blocked, id=3216, stack(0x000000001af40000,0x000000001b040000)]
  0x0000000018a73800 JavaThread "Handler for socket connection from /127.0.0.1:13988 to /127.0.0.1:14469" [_thread_in_native, id=5152, stack(0x00000000007e0000,0x00000000008e0000)]
  0x0000000018a6f000 JavaThread "Daemon Thread 2" [_thread_blocked, id=12472, stack(0x00000000005d0000,0x00000000006d0000)]
  0x000000002087d800 JavaThread "Cache worker for file content cache (C:\Users\user\.gradle\caches\5.6.2\fileContent)" [_thread_blocked, id=13248, stack(0x0000000023000000,0x0000000023100000)]
  0x0000000018a76000 JavaThread "Memory manager" [_thread_blocked, id=3680, stack(0x00000000216d0000,0x00000000217d0000)]
  0x0000000018a75000 JavaThread "Cache worker for execution history cache (C:\Users\user\.gradle\caches\5.6.2\executionHistory)" [_thread_blocked, id=6660, stack(0x000000001ef80000,0x000000001f080000)]
  0x0000000018349000 JavaThread "Cache worker for journal cache (C:\Users\user\.gradle\caches\journal-1)" [_thread_blocked, id=12824, stack(0x000000001ba40000,0x000000001bb40000)]
  0x0000000018343800 JavaThread "File lock request listener" [_thread_in_native, id=4468, stack(0x000000001b940000,0x000000001ba40000)]
  0x000000001784a000 JavaThread "Cache worker for file hash cache (C:\Users\user\.gradle\caches\5.6.2\fileHashes)" [_thread_blocked, id=8228, stack(0x000000001b840000,0x000000001b940000)]
  0x0000000019699000 JavaThread "Daemon periodic checks" [_thread_blocked, id=10748, stack(0x000000001ae40000,0x000000001af40000)]
  0x00000000196a3000 JavaThread "Incoming local TCP Connector on port 13988" [_thread_in_native, id=1984, stack(0x000000001ac00000,0x000000001ad00000)]
  0x0000000017b43000 JavaThread "Daemon health stats" [_thread_blocked, id=10580, stack(0x000000001a5c0000,0x000000001a6c0000)]
  0x0000000015f1e000 JavaThread "Service Thread" daemon [_thread_blocked, id=8472, stack(0x0000000017c20000,0x0000000017d20000)]
  0x0000000015ecc800 JavaThread "C1 CompilerThread2" daemon [_thread_blocked, id=10008, stack(0x0000000017720000,0x0000000017820000)]
=>0x0000000015ec5000 JavaThread "C2 CompilerThread1" daemon [_thread_in_native, id=9580, stack(0x0000000017620000,0x0000000017720000)]
  0x0000000015ec2000 JavaThread "C2 CompilerThread0" daemon [_thread_in_native, id=9692, stack(0x0000000017520000,0x0000000017620000)]
  0x0000000015ec0000 JavaThread "Attach Listener" daemon [_thread_blocked, id=2920, stack(0x0000000017420000,0x0000000017520000)]
  0x0000000015ebf000 JavaThread "Signal Dispatcher" daemon [_thread_blocked, id=9824, stack(0x0000000017320000,0x0000000017420000)]
  0x000000000254c000 JavaThread "Finalizer" daemon [_thread_blocked, id=12460, stack(0x0000000017120000,0x0000000017220000)]
  0x0000000002543800 JavaThread "Reference Handler" daemon [_thread_blocked, id=11960, stack(0x0000000017020000,0x0000000017120000)]
  0x0000000002452800 JavaThread "main" [_thread_blocked, id=13276, stack(0x00000000022b0000,0x00000000023b0000)]

Other Threads:
  0x0000000015e87000 VMThread [stack: 0x0000000016f20000,0x0000000017020000] [id=6372]
  0x000000001784b000 WatcherThread [stack: 0x0000000017d20000,0x0000000017e20000] [id=1784]

VM state:not at safepoint (normal execution)

VM Mutex/Monitor currently owned by a thread: None

heap address: 0x00000000a0000000, size: 1536 MB, Compressed Oops mode: 32-bit
Narrow klass base: 0x0000000000000000, Narrow klass shift: 3
Compressed class space size: 1073741824 Address: 0x0000000100000000

Heap:
 PSYoungGen      total 239616K, used 211043K [0x00000000e0000000, 0x00000000f2800000, 0x0000000100000000)
  eden space 184320K, 97% used [0x00000000e0000000,0x00000000eafdff40,0x00000000eb400000)
  from space 55296K, 55% used [0x00000000ef200000,0x00000000f1038e28,0x00000000f2800000)
  to   space 59392K, 0% used [0x00000000eb400000,0x00000000eb400000,0x00000000eee00000)
 ParOldGen       total 359424K, used 170813K [0x00000000a0000000, 0x00000000b5f00000, 0x00000000e0000000)
  object space 359424K, 47% used [0x00000000a0000000,0x00000000aa6cf500,0x00000000b5f00000)
 Metaspace       used 77354K, capacity 82640K, committed 82840K, reserved 1120256K
  class space    used 10358K, capacity 11598K, committed 11680K, reserved 1048576K

Card table byte_map: [0x0000000011910000,0x0000000011c20000] byte_map_base: 0x0000000011410000

Marking Bits: (ParMarkBitMap*) 0x000000005a209f30
 Begin Bits: [0x0000000012220000, 0x0000000013a20000)
 End Bits:   [0x0000000013a20000, 0x0000000015220000)

Polling page: 0x00000000006d0000

CodeCache: size=245760Kb used=39857Kb max_used=39857Kb free=205902Kb
 bounds [0x0000000002550000, 0x0000000004c70000, 0x0000000011550000]
 total_blobs=13286 nmethods=12434 adapters=763
 compilation: enabled

Compilation events (10 events):
Event: 588.138 Thread 0x0000000015ecc800 14732       3       org.gradle.internal.logging.console.StyledTextOutputBackedRenderer$OutputEventTextOutputImpl::doStyleChange (12 bytes)
Event: 588.138 Thread 0x0000000015ecc800 nmethod 14732 0x0000000004c6e3d0 code [0x0000000004c6e540, 0x0000000004c6e768]
Event: 588.143 Thread 0x0000000015ecc800 14734       1       org.gradle.internal.logging.events.StyledTextOutputEvent::getSpans (5 bytes)
Event: 588.144 Thread 0x0000000015ecc800 nmethod 14734 0x0000000004c6e850 code [0x0000000004c6e9a0, 0x0000000004c6eab0]
Event: 588.144 Thread 0x0000000015ecc800 14735       1       org.gradle.internal.logging.events.StyledTextOutputEvent$Span::getStyle (5 bytes)
Event: 588.144 Thread 0x0000000015ecc800 nmethod 14735 0x0000000004c6eb10 code [0x0000000004c6ec60, 0x0000000004c6ed70]
Event: 588.144 Thread 0x0000000015ecc800 14736       3       org.gradle.internal.serialize.BaseSerializerFactory$EnumSerializer::write (10 bytes)
Event: 588.144 Thread 0x0000000015ecc800 nmethod 14736 0x0000000004c6edd0 code [0x0000000004c6ef60, 0x0000000004c6f388]
Event: 588.144 Thread 0x0000000015ecc800 14737       1       org.gradle.internal.logging.events.StyledTextOutputEvent$Span::getText (5 bytes)
Event: 588.144 Thread 0x0000000015ecc800 nmethod 14737 0x0000000004c6f510 code [0x0000000004c6f660, 0x0000000004c6f770]

GC Heap History (10 events):
Event: 58.998 GC heap before
{Heap before GC invocations=24 (full 3):
 PSYoungGen      total 196096K, used 183489K [0x00000000e0000000, 0x00000000edf80000, 0x0000000100000000)
  eden space 172544K, 100% used [0x00000000e0000000,0x00000000ea880000,0x00000000ea880000)
  from space 23552K, 46% used [0x00000000ec880000,0x00000000ed330780,0x00000000edf80000)
  to   space 28160K, 0% used [0x00000000ea880000,0x00000000ea880000,0x00000000ec400000)
 ParOldGen       total 158208K, used 97726K [0x00000000a0000000, 0x00000000a9a80000, 0x00000000e0000000)
  object space 158208K, 61% used [0x00000000a0000000,0x00000000a5f6fb80,0x00000000a9a80000)
 Metaspace       used 71591K, capacity 76392K, committed 76568K, reserved 1114112K
  class space    used 9842K, capacity 11040K, committed 11040K, reserved 1048576K
Event: 59.024 GC heap after
Heap after GC invocations=24 (full 3):
 PSYoungGen      total 200704K, used 21428K [0x00000000e0000000, 0x00000000efa00000, 0x0000000100000000)
  eden space 172544K, 0% used [0x00000000e0000000,0x00000000e0000000,0x00000000ea880000)
  from space 28160K, 76% used [0x00000000ea880000,0x00000000ebd6d2a0,0x00000000ec400000)
  to   space 30208K, 0% used [0x00000000edc80000,0x00000000edc80000,0x00000000efa00000)
 ParOldGen       total 158208K, used 97734K [0x00000000a0000000, 0x00000000a9a80000, 0x00000000e0000000)
  object space 158208K, 61% used [0x00000000a0000000,0x00000000a5f71b80,0x00000000a9a80000)
 Metaspace       used 71591K, capacity 76392K, committed 76568K, reserved 1114112K
  class space    used 9842K, capacity 11040K, committed 11040K, reserved 1048576K
}
Event: 60.851 GC heap before
{Heap before GC invocations=25 (full 3):
 PSYoungGen      total 200704K, used 182718K [0x00000000e0000000, 0x00000000efa00000, 0x0000000100000000)
  eden space 172544K, 93% used [0x00000000e0000000,0x00000000e9d826f0,0x00000000ea880000)
  from space 28160K, 76% used [0x00000000ea880000,0x00000000ebd6d2a0,0x00000000ec400000)
  to   space 30208K, 0% used [0x00000000edc80000,0x00000000edc80000,0x00000000efa00000)
 ParOldGen       total 158208K, used 97734K [0x00000000a0000000, 0x00000000a9a80000, 0x00000000e0000000)
  object space 158208K, 61% used [0x00000000a0000000,0x00000000a5f71b80,0x00000000a9a80000)
 Metaspace       used 72676K, capacity 77608K, committed 77848K, reserved 1116160K
  class space    used 10007K, capacity 11216K, committed 11296K, reserved 1048576K
Event: 60.897 GC heap after
Heap after GC invocations=25 (full 3):
 PSYoungGen      total 195584K, used 30182K [0x00000000e0000000, 0x00000000f3980000, 0x0000000100000000)
  eden space 165376K, 0% used [0x00000000e0000000,0x00000000e0000000,0x00000000ea180000)
  from space 30208K, 99% used [0x00000000edc80000,0x00000000ef9f99e8,0x00000000efa00000)
  to   space 60416K, 0% used [0x00000000ea180000,0x00000000ea180000,0x00000000edc80000)
 ParOldGen       total 168960K, used 166874K [0x00000000a0000000, 0x00000000aa500000, 0x00000000e0000000)
  object space 168960K, 98% used [0x00000000a0000000,0x00000000aa2f6a50,0x00000000aa500000)
 Metaspace       used 72676K, capacity 77608K, committed 77848K, reserved 1116160K
  class space    used 10007K, capacity 11216K, committed 11296K, reserved 1048576K
}
Event: 60.897 GC heap before
{Heap before GC invocations=26 (full 4):
 PSYoungGen      total 195584K, used 30182K [0x00000000e0000000, 0x00000000f3980000, 0x0000000100000000)
  eden space 165376K, 0% used [0x00000000e0000000,0x00000000e0000000,0x00000000ea180000)
  from space 30208K, 99% used [0x00000000edc80000,0x00000000ef9f99e8,0x00000000efa00000)
  to   space 60416K, 0% used [0x00000000ea180000,0x00000000ea180000,0x00000000edc80000)
 ParOldGen       total 168960K, used 166874K [0x00000000a0000000, 0x00000000aa500000, 0x00000000e0000000)
  object space 168960K, 98% used [0x00000000a0000000,0x00000000aa2f6a50,0x00000000aa500000)
 Metaspace       used 72676K, capacity 77608K, committed 77848K, reserved 1116160K
  class space    used 10007K, capacity 11216K, committed 11296K, reserved 1048576K
Event: 61.989 GC heap after
Heap after GC invocations=26 (full 4):
 PSYoungGen      total 195584K, used 12619K [0x00000000e0000000, 0x00000000f3980000, 0x0000000100000000)
  eden space 165376K, 0% used [0x00000000e0000000,0x00000000e0000000,0x00000000ea180000)
  from space 30208K, 41% used [0x00000000edc80000,0x00000000ee8d2e58,0x00000000efa00000)
  to   space 60416K, 0% used [0x00000000ea180000,0x00000000ea180000,0x00000000edc80000)
 ParOldGen       total 359424K, used 168951K [0x00000000a0000000, 0x00000000b5f00000, 0x00000000e0000000)
  object space 359424K, 47% used [0x00000000a0000000,0x00000000aa4fdc98,0x00000000b5f00000)
 Metaspace       used 72577K, capacity 77320K, committed 77848K, reserved 1116160K
  class space    used 9975K, capacity 11160K, committed 11296K, reserved 1048576K
}
Event: 65.486 GC heap before
{Heap before GC invocations=27 (full 4):
 PSYoungGen      total 195584K, used 177995K [0x00000000e0000000, 0x00000000f3980000, 0x0000000100000000)
  eden space 165376K, 100% used [0x00000000e0000000,0x00000000ea180000,0x00000000ea180000)
  from space 30208K, 41% used [0x00000000edc80000,0x00000000ee8d2e58,0x00000000efa00000)
  to   space 60416K, 0% used [0x00000000ea180000,0x00000000ea180000,0x00000000edc80000)
 ParOldGen       total 359424K, used 168951K [0x00000000a0000000, 0x00000000b5f00000, 0x00000000e0000000)
  object space 359424K, 47% used [0x00000000a0000000,0x00000000aa4fdc98,0x00000000b5f00000)
 Metaspace       used 73463K, capacity 78284K, committed 78360K, reserved 1116160K
  class space    used 10088K, capacity 11278K, committed 11296K, reserved 1048576K
Event: 65.517 GC heap after
Heap after GC invocations=27 (full 4):
 PSYoungGen      total 225792K, used 3300K [0x00000000e0000000, 0x00000000f2c00000, 0x0000000100000000)
  eden space 165376K, 0% used [0x00000000e0000000,0x00000000e0000000,0x00000000ea180000)
  from space 60416K, 5% used [0x00000000ea180000,0x00000000ea4b9378,0x00000000edc80000)
  to   space 59392K, 0% used [0x00000000ef200000,0x00000000ef200000,0x00000000f2c00000)
 ParOldGen       total 359424K, used 170805K [0x00000000a0000000, 0x00000000b5f00000, 0x00000000e0000000)
  object space 359424K, 47% used [0x00000000a0000000,0x00000000aa6cd500,0x00000000b5f00000)
 Metaspace       used 73463K, capacity 78284K, committed 78360K, reserved 1116160K
  class space    used 10088K, capacity 11278K, committed 11296K, reserved 1048576K
}
Event: 585.842 GC heap before
{Heap before GC invocations=28 (full 4):
 PSYoungGen      total 225792K, used 168676K [0x00000000e0000000, 0x00000000f2c00000, 0x0000000100000000)
  eden space 165376K, 100% used [0x00000000e0000000,0x00000000ea180000,0x00000000ea180000)
  from space 60416K, 5% used [0x00000000ea180000,0x00000000ea4b9378,0x00000000edc80000)
  to   space 59392K, 0% used [0x00000000ef200000,0x00000000ef200000,0x00000000f2c00000)
 ParOldGen       total 359424K, used 170805K [0x00000000a0000000, 0x00000000b5f00000, 0x00000000e0000000)
  object space 359424K, 47% used [0x00000000a0000000,0x00000000aa6cd500,0x00000000b5f00000)
 Metaspace       used 77100K, capacity 82336K, committed 82584K, reserved 1120256K
  class space    used 10343K, capacity 11570K, committed 11680K, reserved 1048576K
Event: 585.889 GC heap after
Heap after GC invocations=28 (full 4):
 PSYoungGen      total 239616K, used 30947K [0x00000000e0000000, 0x00000000f2800000, 0x0000000100000000)
  eden space 184320K, 0% used [0x00000000e0000000,0x00000000e0000000,0x00000000eb400000)
  from space 55296K, 55% used [0x00000000ef200000,0x00000000f1038e28,0x00000000f2800000)
  to   space 59392K, 0% used [0x00000000eb400000,0x00000000eb400000,0x00000000eee00000)
 ParOldGen       total 359424K, used 170813K [0x00000000a0000000, 0x00000000b5f00000, 0x00000000e0000000)
  object space 359424K, 47% used [0x00000000a0000000,0x00000000aa6cf500,0x00000000b5f00000)
 Metaspace       used 77100K, capacity 82336K, committed 82584K, reserved 1120256K
  class space    used 10343K, capacity 11570K, committed 11680K, reserved 1048576K
}

Deoptimization events (10 events):
Event: 586.345 Thread 0x0000000018a6d800 Uncommon trap: reason=bimorphic action=maybe_recompile pc=0x0000000004ba99c0 method=org.gradle.internal.component.model.DefaultComponentOverrideMetadata.forDependency(Lorg/gradle/internal/component/model/DependencyMetadata;)Lorg/gradle/internal/component/
Event: 587.231 Thread 0x0000000018a6d800 Uncommon trap: reason=null_check action=make_not_entrant pc=0x000000000461a134 method=org.gradle.api.internal.changedetection.state.CachingFileHasher.snapshot(Ljava/io/File;JJ)Lorg/gradle/api/internal/changedetection/state/CachingFileHasher$FileInfo; @ 31
Event: 587.231 Thread 0x0000000018a73000 Uncommon trap: reason=unstable_if action=reinterpret pc=0x0000000002f6aad8 method=org.gradle.cache.internal.btree.FileBackedBlockStore$BlockImpl.getPos()Lorg/gradle/cache/internal/btree/BlockPointer; @ 4
Event: 587.231 Thread 0x0000000018a73000 Uncommon trap: reason=bimorphic action=maybe_recompile pc=0x00000000044204a4 method=java.io.DataOutputStream.writeLong(J)V @ 108
Event: 587.232 Thread 0x0000000018a73000 Uncommon trap: reason=bimorphic action=maybe_recompile pc=0x00000000044204a4 method=java.io.DataOutputStream.writeLong(J)V @ 108
Event: 587.232 Thread 0x0000000018a73000 Uncommon trap: reason=bimorphic action=maybe_recompile pc=0x00000000044204a4 method=java.io.DataOutputStream.writeLong(J)V @ 108
Event: 587.232 Thread 0x0000000018a73000 Uncommon trap: reason=bimorphic action=maybe_recompile pc=0x00000000044204a4 method=java.io.DataOutputStream.writeLong(J)V @ 108
Event: 587.232 Thread 0x0000000018a6d800 Uncommon trap: reason=null_check action=make_not_entrant pc=0x0000000004621998 method=org.gradle.api.internal.changedetection.state.CachingFileHasher.snapshot(Ljava/io/File;JJ)Lorg/gradle/api/internal/changedetection/state/CachingFileHasher$FileInfo; @ 31
Event: 588.080 Thread 0x0000000018344800 Uncommon trap: reason=class_check action=maybe_recompile pc=0x0000000004a59aec method=org.gradle.internal.logging.sink.OutputEventTransformer.onOutput(Lorg/gradle/internal/logging/events/OutputEvent;)V @ 335
Event: 588.080 Thread 0x0000000018344800 Uncommon trap: reason=class_check action=maybe_recompile pc=0x0000000004a59aec method=org.gradle.internal.logging.sink.OutputEventTransformer.onOutput(Lorg/gradle/internal/logging/events/OutputEvent;)V @ 335

Classes redefined (0 events):
No events

Internal exceptions (10 events):
Event: 65.450 Thread 0x00000000180f7000 Exception <a 'sun/nio/fs/WindowsException'> (0x00000000e9dfb340) thrown at [D:\src\AOSP-openjdk-cygwin\jdk8u\hotspot\src\share\vm\prims\jni.cpp, line 710]
Event: 65.451 Thread 0x00000000180f7000 Exception <a 'sun/nio/fs/WindowsException'> (0x00000000e9dfcc18) thrown at [D:\src\AOSP-openjdk-cygwin\jdk8u\hotspot\src\share\vm\prims\jni.cpp, line 710]
Event: 65.451 Thread 0x00000000180f7000 Exception <a 'sun/nio/fs/WindowsException'> (0x00000000e9dfe500) thrown at [D:\src\AOSP-openjdk-cygwin\jdk8u\hotspot\src\share\vm\prims\jni.cpp, line 710]
Event: 65.457 Thread 0x00000000180f7000 Implicit null exception at 0x000000000395fc6c to 0x000000000395fcb5
Event: 583.149 Thread 0x0000000018a6d800 Implicit null exception at 0x00000000046050d1 to 0x0000000004609381
Event: 583.149 Thread 0x0000000018a6d800 Implicit null exception at 0x000000000480071e to 0x000000000480760d
Event: 583.646 Thread 0x0000000018a6d800 Implicit null exception at 0x00000000030b4d5f to 0x00000000030b4e8d
Event: 586.140 Thread 0x0000000018a6d800 Implicit null exception at 0x0000000002779316 to 0x00000000027796a9
Event: 587.231 Thread 0x0000000018a6d800 Implicit null exception at 0x0000000004618a88 to 0x000000000461a119
Event: 587.232 Thread 0x0000000018a6d800 Implicit null exception at 0x000000000461ff48 to 0x000000000462197d

Events (10 events):
Event: 587.359 Executing VM operation: RevokeBias
Event: 587.359 Executing VM operation: RevokeBias done
Event: 587.365 Thread 0x0000000018344800 Thread added: 0x0000000018344800
Event: 587.365 Thread 0x0000000018345000 Thread added: 0x0000000018345000
Event: 588.080 Thread 0x0000000018344800 Uncommon trap: trap_request=0xffffffde fr.pc=0x0000000004a59aec
Event: 588.080 Thread 0x0000000018344800 DEOPT PACKING pc=0x0000000004a59aec sp=0x00000000246ae790
Event: 588.080 Thread 0x0000000018344800 DEOPT UNPACKING pc=0x000000000259557b sp=0x00000000246ae7c0 mode 2
Event: 588.080 Thread 0x0000000018344800 Uncommon trap: trap_request=0xffffffde fr.pc=0x0000000004a59aec
Event: 588.080 Thread 0x0000000018344800 DEOPT PACKING pc=0x0000000004a59aec sp=0x00000000246ae690
Event: 588.080 Thread 0x0000000018344800 DEOPT UNPACKING pc=0x000000000259557b sp=0x00000000246ae6c0 mode 2


Dynamic libraries:
0x00007ff6316f0000 - 0x00007ff631721000 	C:\Program Files\Android\Android Studio\jre\bin\java.exe
0x00007ff972ac0000 - 0x00007ff972cb0000 	C:\WINDOWS\SYSTEM32\ntdll.dll
0x00007ff971680000 - 0x00007ff971732000 	C:\WINDOWS\System32\KERNEL32.DLL
0x00007ff970520000 - 0x00007ff9707c4000 	C:\WINDOWS\System32\KERNELBASE.dll
0x00007ff971310000 - 0x00007ff9713b3000 	C:\WINDOWS\System32\ADVAPI32.dll
0x00007ff9725c0000 - 0x00007ff97265e000 	C:\WINDOWS\System32\msvcrt.dll
0x00007ff971c20000 - 0x00007ff971cb7000 	C:\WINDOWS\System32\sechost.dll
0x00007ff971ac0000 - 0x00007ff971be0000 	C:\WINDOWS\System32\RPCRT4.dll
0x00007ff971920000 - 0x00007ff971ab4000 	C:\WINDOWS\System32\USER32.dll
0x00007ff96fbc0000 - 0x00007ff96fbe1000 	C:\WINDOWS\System32\win32u.dll
0x00007ff971430000 - 0x00007ff971456000 	C:\WINDOWS\System32\GDI32.dll
0x00007ff970900000 - 0x00007ff970a94000 	C:\WINDOWS\System32\gdi32full.dll
0x00007ff96fb20000 - 0x00007ff96fbbe000 	C:\WINDOWS\System32\msvcp_win.dll
0x00007ff970800000 - 0x00007ff9708fa000 	C:\WINDOWS\System32\ucrtbase.dll
0x00007ff964cb0000 - 0x00007ff964f34000 	C:\WINDOWS\WinSxS\amd64_microsoft.windows.common-controls_6595b64144ccf1df_6.0.18362.836_none_e6c4b943130f18ed\COMCTL32.dll
0x00007ff9726c0000 - 0x00007ff9729f6000 	C:\WINDOWS\System32\combase.dll
0x00007ff96fa50000 - 0x00007ff96fad0000 	C:\WINDOWS\System32\bcryptPrimitives.dll
0x00007ff971bf0000 - 0x00007ff971c1e000 	C:\WINDOWS\System32\IMM32.DLL
0x000000005a360000 - 0x000000005a432000 	C:\Program Files\Android\Android Studio\jre\jre\bin\msvcr100.dll
0x0000000059a40000 - 0x000000005a286000 	C:\Program Files\Android\Android Studio\jre\jre\bin\server\jvm.dll
0x00007ff971460000 - 0x00007ff971468000 	C:\WINDOWS\System32\PSAPI.DLL
0x00007ff95a370000 - 0x00007ff95a379000 	C:\WINDOWS\SYSTEM32\WSOCK32.dll
0x00007ff96d530000 - 0x00007ff96d554000 	C:\WINDOWS\SYSTEM32\WINMM.dll
0x00007ff9713c0000 - 0x00007ff97142f000 	C:\WINDOWS\System32\WS2_32.dll
0x00007ff96d500000 - 0x00007ff96d52d000 	C:\WINDOWS\SYSTEM32\winmmbase.dll
0x00007ff96fad0000 - 0x00007ff96fb1a000 	C:\WINDOWS\System32\cfgmgr32.dll
0x00007ff96e4f0000 - 0x00007ff96e4fa000 	C:\WINDOWS\SYSTEM32\VERSION.dll
0x00007ff96d4d0000 - 0x00007ff96d4df000 	C:\Program Files\Android\Android Studio\jre\jre\bin\verify.dll
0x00007ff964b30000 - 0x00007ff964b59000 	C:\Program Files\Android\Android Studio\jre\jre\bin\java.dll
0x00007ff96a140000 - 0x00007ff96a156000 	C:\Program Files\Android\Android Studio\jre\jre\bin\zip.dll
0x00007ff971e70000 - 0x00007ff972554000 	C:\WINDOWS\System32\SHELL32.dll
0x00007ff970b70000 - 0x00007ff970c19000 	C:\WINDOWS\System32\shcore.dll
0x00007ff96fd40000 - 0x00007ff9704be000 	C:\WINDOWS\System32\windows.storage.dll
0x00007ff96f9b0000 - 0x00007ff96f9d3000 	C:\WINDOWS\System32\profapi.dll
0x00007ff96fa00000 - 0x00007ff96fa4a000 	C:\WINDOWS\System32\powrprof.dll
0x00007ff96f980000 - 0x00007ff96f990000 	C:\WINDOWS\System32\UMPDC.dll
0x00007ff972560000 - 0x00007ff9725b2000 	C:\WINDOWS\System32\shlwapi.dll
0x00007ff96f9e0000 - 0x00007ff96f9f1000 	C:\WINDOWS\System32\kernel.appcore.dll
0x00007ff970aa0000 - 0x00007ff970ab7000 	C:\WINDOWS\System32\cryptsp.dll
0x00007ff967280000 - 0x00007ff96729a000 	C:\Program Files\Android\Android Studio\jre\jre\bin\net.dll
0x00007ff967880000 - 0x00007ff967a56000 	C:\WINDOWS\SYSTEM32\urlmon.dll
0x00007ff95a840000 - 0x00007ff95aae6000 	C:\WINDOWS\SYSTEM32\iertutil.dll
0x00007ff96f3c0000 - 0x00007ff96f3cc000 	C:\WINDOWS\SYSTEM32\CRYPTBASE.DLL
0x00007ff96f1f0000 - 0x00007ff96f257000 	C:\WINDOWS\system32\mswsock.dll
0x00007ff9606d0000 - 0x00007ff9606e3000 	C:\Program Files\Android\Android Studio\jre\jre\bin\nio.dll
0x00007ff960660000 - 0x00007ff960686000 	C:\Users\user\.gradle\native\30\windows-amd64\native-platform.dll
0x00007ff96d4c0000 - 0x00007ff96d4cd000 	C:\Program Files\Android\Android Studio\jre\jre\bin\management.dll
0x00007ff96ed00000 - 0x00007ff96ed33000 	C:\WINDOWS\system32\rsaenh.dll
0x00007ff9707d0000 - 0x00007ff9707f6000 	C:\WINDOWS\System32\bcrypt.dll
0x00007ff96f870000 - 0x00007ff96f895000 	C:\WINDOWS\SYSTEM32\USERENV.dll
0x00007ff96ef00000 - 0x00007ff96ef3a000 	C:\WINDOWS\SYSTEM32\IPHLPAPI.DLL
0x00007ff972a70000 - 0x00007ff972a78000 	C:\WINDOWS\System32\NSI.dll
0x00007ff962040000 - 0x00007ff962056000 	C:\WINDOWS\SYSTEM32\dhcpcsvc6.DLL
0x00007ff962e00000 - 0x00007ff962e1c000 	C:\WINDOWS\SYSTEM32\dhcpcsvc.DLL
0x00007ff96ef40000 - 0x00007ff96f00b000 	C:\WINDOWS\SYSTEM32\DNSAPI.dll
0x00007ff962e50000 - 0x00007ff962e74000 	C:\Program Files\Android\Android Studio\jre\jre\bin\sunec.dll
0x00007ff967cf0000 - 0x00007ff967cfa000 	C:\Windows\System32\rasadhlp.dll
0x00007ff963790000 - 0x00007ff963807000 	C:\WINDOWS\System32\fwpuclnt.dll
0x00007ff96bef0000 - 0x00007ff96befb000 	C:\Program Files\Android\Android Studio\jre\jre\bin\sunmscapi.dll
0x00007ff96fbf0000 - 0x00007ff96fd39000 	C:\WINDOWS\System32\CRYPT32.dll
0x00007ff96f990000 - 0x00007ff96f9a2000 	C:\WINDOWS\System32\MSASN1.dll

VM Arguments:
jvm_args: -Xmx1536M -Dfile.encoding=windows-1252 -Duser.country=GB -Duser.language=en -Duser.variant 
java_command: org.gradle.launcher.daemon.bootstrap.GradleDaemon 5.6.2
java_class_path (initial): C:\Users\user\.gradle\wrapper\dists\gradle-5.6.2-all\9st6wgf78h16so49nn74lgtbb\gradle-5.6.2\lib\gradle-launcher-5.6.2.jar
Launcher Type: SUN_STANDARD

Environment Variables:
JAVA_HOME=C:\Program Files\Android\Android Studio\jre
CLASSPATH=C:\Users\user\AndroidStudioProjects\flutter_app\android\\gradle\wrapper\gradle-wrapper.jar
PATH=C:\Program Files\Java\jdk1.8.0_121\bin;C:\WINDOWS\system32;C:\WINDOWS;C:\WINDOWS\System32\Wbem;C:\WINDOWS\System32\WindowsPowerShell\v1.0\;C:\WINDOWS\System32\OpenSSH\;C:\Program Files\Git\cmd;C:\Users\user\Anaconda3;C:\Users\user\Anaconda3\Library\mingw-w64\bin;C:\Users\user\Anaconda3\Library\usr\bin;C:\Users\user\Anaconda3\Library\bin;C:\Users\user\Anaconda3\Scripts;C:\Windows\System32;C:\Users\user\AppData\Local\Programs\Python\Python36\;C:\Users\user\OneDrive;C:\Users\user\AppData\Local\Microsoft\WindowsApps;C:\Program Files\Intel\WiFi\bin\;C:\Program Files\Common Files\Intel\WirelessCommon\;C:\Program Files\Java\jdk1.8.0_121\bin\;C:\Users\user\flutter\bin\;C:\Users\user\AppData\Local\GitHubDesktop\bin;C:\Users\user\flutter\bin\mingit\cmd
USERNAME=user
OS=Windows_NT
PROCESSOR_IDENTIFIER=Intel64 Family 6 Model 61 Stepping 4, GenuineIntel



---------------  S Y S T E M  ---------------

OS: Windows 10.0 , 64 bit Build 18362 (10.0.18362.778)

CPU:total 4 (initial active 4) (2 cores per cpu, 2 threads per core) family 6 model 61 stepping 4, cmov, cx8, fxsr, mmx, sse, sse2, sse3, ssse3, sse4.1, sse4.2, popcnt, avx, avx2, aes, clmul, erms, 3dnowpref, lzcnt, ht, tsc, tscinvbit, bmi1, bmi2, adx

Memory: 4k page, physical 8296260k(2120440k free), swap 9725764k(2600k free)

vm_info: OpenJDK 64-Bit Server VM (25.212-b04) for windows-amd64 JRE (1.8.0_212-release-1586-b04), built by "builder" with MS VC++ 10.0 (VS2010)

time: Wed Jun 03 22:47:37 2020
timezone: India Standard Time
elapsed time: 588 seconds (0d 0h 9m 48s)

