#
# There is insufficient memory for the Java Runtime Environment to continue.
# Native memory allocation (malloc) failed to allocate 32744 bytes for ChunkPool::allocate
# Possible reasons:
#   The system is out of physical RAM or swap space
#   The process is running with CompressedOops enabled, and the Java Heap may be blocking the growth of the native heap
# Possible solutions:
#   Reduce memory load on the system
#   Increase physical memory or swap space
#   Check if swap backing store is full
#   Decrease Java heap size (-Xmx/-Xms)
#   Decrease number of Java threads
#   Decrease Java thread stack sizes (-Xss)
#   Set larger code cache with -XX:ReservedCodeCacheSize=
#   JVM is running with Unscaled Compressed Oops mode in which the Java heap is
#     placed in the first 4GB address space. The Java Heap base address is the
#     maximum limit for the native heap growth. Please use -XX:HeapBaseMinAddress
#     to set the Java Heap base and to place the Java Heap above 4GB virtual address.
# This output file may be truncated or incomplete.
#
#  Out of Memory Error (allocation.cpp:272), pid=7920, tid=0x00000000000014a4
#
# JRE version: OpenJDK Runtime Environment (8.0_212-b04) (build 1.8.0_212-release-1586-b04)
# Java VM: OpenJDK 64-Bit Server VM (25.212-b04 mixed mode windows-amd64 compressed oops)
# Failed to write core dump. Minidumps are not enabled by default on client versions of Windows
#

---------------  T H R E A D  ---------------

Current thread (0x0000000017819000):  JavaThread "C2 CompilerThread1" daemon [_thread_in_native, id=5284, stack(0x0000000018f10000,0x0000000019010000)]

Stack: [0x0000000018f10000,0x0000000019010000]
[error occurred during error reporting (printing stack bounds), id 0xc0000005]

Native frames: (J=compiled Java code, j=interpreted, Vv=VM code, C=native code)


Current CompileTask:
C2:   5512  981       4       org.gradle.internal.serialize.DefaultSerializerRegistry$TaggedTypeSerializer::read (66 bytes)


---------------  P R O C E S S  ---------------

Java Threads: ( => current thread )
  0x0000000019f08000 JavaThread "Forward input" [_thread_blocked, id=4768, stack(0x000000001b720000,0x000000001b820000)]
  0x000000001a046800 JavaThread "DisconnectableInputStream source reader" daemon [_thread_in_native, id=10616, stack(0x000000001b620000,0x000000001b720000)]
  0x0000000019d2d000 JavaThread "pool-1-thread-1" [_thread_blocked, id=5872, stack(0x0000000019f10000,0x000000001a010000)]
  0x000000001781e000 JavaThread "Service Thread" daemon [_thread_blocked, id=7008, stack(0x0000000019510000,0x0000000019610000)]
  0x0000000019018800 JavaThread "C1 CompilerThread2" daemon [_thread_blocked, id=8684, stack(0x0000000019410000,0x0000000019510000)]
=>0x0000000017819000 JavaThread "C2 CompilerThread1" daemon [_thread_in_native, id=5284, stack(0x0000000018f10000,0x0000000019010000)]
  0x00000000177c3000 JavaThread "C2 CompilerThread0" daemon [_thread_in_native, id=6328, stack(0x0000000018e10000,0x0000000018f10000)]
  0x00000000177c1000 JavaThread "Attach Listener" daemon [_thread_blocked, id=5148, stack(0x0000000018d10000,0x0000000018e10000)]
  0x00000000177c0000 JavaThread "Signal Dispatcher" daemon [_thread_blocked, id=8132, stack(0x0000000018c10000,0x0000000018d10000)]
  0x0000000002c55800 JavaThread "Finalizer" daemon [_thread_blocked, id=5416, stack(0x0000000018a10000,0x0000000018b10000)]
  0x00000000177a9800 JavaThread "Reference Handler" daemon [_thread_blocked, id=13008, stack(0x0000000018910000,0x0000000018a10000)]
  0x0000000002a5e800 JavaThread "main" [_thread_in_native, id=1968, stack(0x0000000002930000,0x0000000002a30000)]

Other Threads:
  0x0000000017786000 VMThread [stack: 0x0000000018810000,0x0000000018910000] [id=11888]
  0x000000001901b800 WatcherThread [stack: 0x0000000019610000,0x0000000019710000] [id=13020]

VM state:not at safepoint (normal execution)

VM Mutex/Monitor currently owned by a thread: None

heap address: 0x0000000081600000, size: 2026 MB, Compressed Oops mode: 32-bit
Narrow klass base: 0x0000000000000000, Narrow klass shift: 3
Compressed class space size: 1073741824 Address: 0x0000000100000000

Heap:
 PSYoungGen      total 38400K, used 11976K [0x00000000d5d00000, 0x00000000d8780000, 0x0000000100000000)
  eden space 33280K, 20% used [0x00000000d5d00000,0x00000000d63b7f80,0x00000000d7d80000)
  from space 5120K, 99% used [0x00000000d7d80000,0x00000000d827a1c8,0x00000000d8280000)
  to   space 5120K, 0% used [0x00000000d8280000,0x00000000d8280000,0x00000000d8780000)
 ParOldGen       total 87552K, used 24K [0x0000000081600000, 0x0000000086b80000, 0x00000000d5d00000)
  object space 87552K, 0% used [0x0000000081600000,0x0000000081606000,0x0000000086b80000)
 Metaspace       used 10457K, capacity 10714K, committed 11008K, reserved 1058816K
  class space    used 1367K, capacity 1465K, committed 1536K, reserved 1048576K

Card table byte_map: [0x0000000012020000,0x0000000012420000] byte_map_base: 0x0000000011c15000

Marking Bits: (ParMarkBitMap*) 0x000000005a209f30
 Begin Bits: [0x0000000012ad0000, 0x0000000014a78000)
 End Bits:   [0x0000000014a78000, 0x0000000016a20000)

Polling page: 0x00000000010b0000

CodeCache: size=245760Kb used=3382Kb max_used=3393Kb free=242377Kb
 bounds [0x0000000002c60000, 0x0000000002fc0000, 0x0000000011c60000]
 total_blobs=1336 nmethods=980 adapters=270
 compilation: enabled

Compilation events (10 events):
Event: 5.437 Thread 0x00000000177c3000 nmethod 977 0x0000000002fa99d0 code [0x0000000002fa9b00, 0x0000000002fa9b78]
Event: 5.438 Thread 0x00000000177c3000  978       4       java.util.ArrayList$Itr::hasNext (20 bytes)
Event: 5.439 Thread 0x00000000177c3000 nmethod 978 0x0000000002fad250 code [0x0000000002fad380, 0x0000000002fad418]
Event: 5.456 Thread 0x00000000177c3000  979       4       java.util.ArrayList::add (29 bytes)
Event: 5.459 Thread 0x0000000017819000 nmethod 976 0x0000000002fb1490 code [0x0000000002fb1640, 0x0000000002fb21c8]
Event: 5.459 Thread 0x0000000017819000  980       4       java.lang.Enum::compareTo (44 bytes)
Event: 5.460 Thread 0x0000000017819000 nmethod 980 0x0000000002facf90 code [0x0000000002fad0c0, 0x0000000002fad178]
Event: 5.462 Thread 0x00000000177c3000 nmethod 979 0x0000000002faf310 code [0x0000000002faf460, 0x0000000002faf788]
Event: 5.496 Thread 0x0000000017819000  981       4       org.gradle.internal.serialize.DefaultSerializerRegistry$TaggedTypeSerializer::read (66 bytes)
Event: 5.500 Thread 0x00000000177c3000  982       4       org.gradle.internal.serialize.kryo.KryoBackedDecoder::readString (5 bytes)

GC Heap History (2 events):
Event: 1.569 GC heap before
{Heap before GC invocations=1 (full 0):
 PSYoungGen      total 38400K, used 33280K [0x00000000d5d00000, 0x00000000d8780000, 0x0000000100000000)
  eden space 33280K, 100% used [0x00000000d5d00000,0x00000000d7d80000,0x00000000d7d80000)
  from space 5120K, 0% used [0x00000000d8280000,0x00000000d8280000,0x00000000d8780000)
  to   space 5120K, 0% used [0x00000000d7d80000,0x00000000d7d80000,0x00000000d8280000)
 ParOldGen       total 87552K, used 0K [0x0000000081600000, 0x0000000086b80000, 0x00000000d5d00000)
  object space 87552K, 0% used [0x0000000081600000,0x0000000081600000,0x0000000086b80000)
 Metaspace       used 8954K, capacity 9246K, committed 9600K, reserved 1056768K
  class space    used 1185K, capacity 1293K, committed 1408K, reserved 1048576K
Event: 1.579 GC heap after
Heap after GC invocations=1 (full 0):
 PSYoungGen      total 38400K, used 5096K [0x00000000d5d00000, 0x00000000d8780000, 0x0000000100000000)
  eden space 33280K, 0% used [0x00000000d5d00000,0x00000000d5d00000,0x00000000d7d80000)
  from space 5120K, 99% used [0x00000000d7d80000,0x00000000d827a1c8,0x00000000d8280000)
  to   space 5120K, 0% used [0x00000000d8280000,0x00000000d8280000,0x00000000d8780000)
 ParOldGen       total 87552K, used 24K [0x0000000081600000, 0x0000000086b80000, 0x00000000d5d00000)
  object space 87552K, 0% used [0x0000000081600000,0x0000000081606000,0x0000000086b80000)
 Metaspace       used 8954K, capacity 9246K, committed 9600K, reserved 1056768K
  class space    used 1185K, capacity 1293K, committed 1408K, reserved 1048576K
}

Deoptimization events (8 events):
Event: 1.075 Thread 0x0000000002a5e800 Uncommon trap: reason=unstable_if action=reinterpret pc=0x0000000002df6840 method=java.util.regex.Matcher.reset()Ljava/util/regex/Matcher; @ 47
Event: 1.075 Thread 0x0000000002a5e800 Uncommon trap: reason=class_check action=maybe_recompile pc=0x0000000002dfc0cc method=java.util.regex.Matcher.match(II)Z @ 86
Event: 1.075 Thread 0x0000000002a5e800 Uncommon trap: reason=class_check action=maybe_recompile pc=0x0000000002dfc0cc method=java.util.regex.Matcher.match(II)Z @ 86
Event: 1.077 Thread 0x0000000002a5e800 Uncommon trap: reason=class_check action=maybe_recompile pc=0x0000000002dfc0cc method=java.util.regex.Matcher.match(II)Z @ 86
Event: 1.077 Thread 0x0000000002a5e800 Uncommon trap: reason=class_check action=maybe_recompile pc=0x0000000002dfc0cc method=java.util.regex.Matcher.match(II)Z @ 86
Event: 1.374 Thread 0x0000000002a5e800 Uncommon trap: reason=unstable_if action=reinterpret pc=0x0000000002ec5e20 method=java.util.HashMap.hash(Ljava/lang/Object;)I @ 1
Event: 1.541 Thread 0x0000000002a5e800 Uncommon trap: reason=unstable_if action=reinterpret pc=0x0000000002ebf43c method=java.util.HashMap.getNode(ILjava/lang/Object;)Ljava/util/HashMap$Node; @ 129
Event: 1.541 Thread 0x0000000002a5e800 Uncommon trap: reason=bimorphic action=maybe_recompile pc=0x0000000002e87e54 method=java.util.HashMap.putVal(ILjava/lang/Object;Ljava/lang/Object;ZZ)Ljava/lang/Object; @ 203

Classes redefined (0 events):
No events

Internal exceptions (10 events):
Event: 1.374 Thread 0x0000000002a5e800 Implicit null exception at 0x0000000002ec5c15 to 0x0000000002ec5e11
Event: 1.384 Thread 0x0000000002a5e800 Exception <a 'java/lang/ArrayIndexOutOfBoundsException'> (0x00000000d7774b80) thrown at [D:\src\AOSP-openjdk-cygwin\jdk8u\hotspot\src\share\vm\runtime\sharedRuntime.cpp, line 605]
Event: 1.384 Thread 0x0000000002a5e800 Exception <a 'java/lang/ArrayIndexOutOfBoundsException'> (0x00000000d7778ea8) thrown at [D:\src\AOSP-openjdk-cygwin\jdk8u\hotspot\src\share\vm\runtime\sharedRuntime.cpp, line 605]
Event: 1.392 Thread 0x0000000002a5e800 Exception <a 'java/lang/ArrayIndexOutOfBoundsException'> (0x00000000d77dba10) thrown at [D:\src\AOSP-openjdk-cygwin\jdk8u\hotspot\src\share\vm\runtime\sharedRuntime.cpp, line 605]
Event: 1.393 Thread 0x0000000002a5e800 Exception <a 'java/lang/ArrayIndexOutOfBoundsException'> (0x00000000d77dcdd8) thrown at [D:\src\AOSP-openjdk-cygwin\jdk8u\hotspot\src\share\vm\runtime\sharedRuntime.cpp, line 605]
Event: 1.393 Thread 0x0000000002a5e800 Exception <a 'java/lang/ArrayIndexOutOfBoundsException'> (0x00000000d77ddf00) thrown at [D:\src\AOSP-openjdk-cygwin\jdk8u\hotspot\src\share\vm\runtime\sharedRuntime.cpp, line 605]
Event: 1.393 Thread 0x0000000002a5e800 Exception <a 'java/lang/ArrayIndexOutOfBoundsException'> (0x00000000d77e1508) thrown at [D:\src\AOSP-openjdk-cygwin\jdk8u\hotspot\src\share\vm\runtime\sharedRuntime.cpp, line 605]
Event: 1.393 Thread 0x0000000002a5e800 Exception <a 'java/lang/ArrayIndexOutOfBoundsException'> (0x00000000d77e33f8) thrown at [D:\src\AOSP-openjdk-cygwin\jdk8u\hotspot\src\share\vm\runtime\sharedRuntime.cpp, line 605]
Event: 1.461 Thread 0x0000000002a5e800 Exception <a 'java/lang/NoSuchFieldError': method resolution failed> (0x00000000d79ade68) thrown at [D:\src\AOSP-openjdk-cygwin\jdk8u\hotspot\src\share\vm\prims\methodHandles.cpp, line 1167]
Event: 1.464 Thread 0x0000000002a5e800 Exception <a 'java/lang/NoSuchFieldError': method resolution failed> (0x00000000d79bb928) thrown at [D:\src\AOSP-openjdk-cygwin\jdk8u\hotspot\src\share\vm\prims\methodHandles.cpp, line 1167]

Events (10 events):
Event: 3.493 loading class sun/reflect/MethodAccessorGenerator$1
Event: 3.493 loading class sun/reflect/MethodAccessorGenerator$1 done
Event: 3.493 loading class sun/reflect/ClassDefiner
Event: 3.493 loading class sun/reflect/ClassDefiner done
Event: 3.493 loading class sun/reflect/ClassDefiner$1
Event: 3.493 loading class sun/reflect/ClassDefiner$1 done
Event: 4.237 Executing VM operation: EnableBiasedLocking
Event: 4.237 Executing VM operation: EnableBiasedLocking done
Event: 5.078 Thread 0x0000000002a5e800 DEOPT PACKING pc=0x0000000002f5e956 sp=0x0000000002a2d4a0
Event: 5.078 Thread 0x0000000002a5e800 DEOPT UNPACKING pc=0x0000000002ca75d0 sp=0x0000000002a2d1c0 mode 0


Dynamic libraries:
0x00007ff625660000 - 0x00007ff625691000 	C:\Program Files\Android\Android Studio\jre\bin\java.exe
0x00007ff972ac0000 - 0x00007ff972cb0000 	C:\WINDOWS\SYSTEM32\ntdll.dll
0x00007ff971680000 - 0x00007ff971732000 	C:\WINDOWS\System32\KERNEL32.DLL
0x00007ff970520000 - 0x00007ff9707c4000 	C:\WINDOWS\System32\KERNELBASE.dll
0x00007ff971310000 - 0x00007ff9713b3000 	C:\WINDOWS\System32\ADVAPI32.dll
0x00007ff9725c0000 - 0x00007ff97265e000 	C:\WINDOWS\System32\msvcrt.dll
0x00007ff971c20000 - 0x00007ff971cb7000 	C:\WINDOWS\System32\sechost.dll
0x00007ff971ac0000 - 0x00007ff971be0000 	C:\WINDOWS\System32\RPCRT4.dll
0x00007ff971920000 - 0x00007ff971ab4000 	C:\WINDOWS\System32\USER32.dll
0x00007ff96fbc0000 - 0x00007ff96fbe1000 	C:\WINDOWS\System32\win32u.dll
0x00007ff971430000 - 0x00007ff971456000 	C:\WINDOWS\System32\GDI32.dll
0x00007ff970900000 - 0x00007ff970a94000 	C:\WINDOWS\System32\gdi32full.dll
0x00007ff96fb20000 - 0x00007ff96fbbe000 	C:\WINDOWS\System32\msvcp_win.dll
0x00007ff970800000 - 0x00007ff9708fa000 	C:\WINDOWS\System32\ucrtbase.dll
0x00007ff964cb0000 - 0x00007ff964f34000 	C:\WINDOWS\WinSxS\amd64_microsoft.windows.common-controls_6595b64144ccf1df_6.0.18362.836_none_e6c4b943130f18ed\COMCTL32.dll
0x00007ff9726c0000 - 0x00007ff9729f6000 	C:\WINDOWS\System32\combase.dll
0x00007ff96fa50000 - 0x00007ff96fad0000 	C:\WINDOWS\System32\bcryptPrimitives.dll
0x00007ff971bf0000 - 0x00007ff971c1e000 	C:\WINDOWS\System32\IMM32.DLL
0x000000005a360000 - 0x000000005a432000 	C:\Program Files\Android\Android Studio\jre\jre\bin\msvcr100.dll
0x0000000059a40000 - 0x000000005a286000 	C:\Program Files\Android\Android Studio\jre\jre\bin\server\jvm.dll
0x00007ff971460000 - 0x00007ff971468000 	C:\WINDOWS\System32\PSAPI.DLL
0x00007ff95a370000 - 0x00007ff95a379000 	C:\WINDOWS\SYSTEM32\WSOCK32.dll
0x00007ff9713c0000 - 0x00007ff97142f000 	C:\WINDOWS\System32\WS2_32.dll
0x00007ff96d530000 - 0x00007ff96d554000 	C:\WINDOWS\SYSTEM32\WINMM.dll
0x00007ff96e4f0000 - 0x00007ff96e4fa000 	C:\WINDOWS\SYSTEM32\VERSION.dll
0x00007ff96d500000 - 0x00007ff96d52d000 	C:\WINDOWS\SYSTEM32\WINMMBASE.dll
0x00007ff96fad0000 - 0x00007ff96fb1a000 	C:\WINDOWS\System32\cfgmgr32.dll
0x00007ff96e500000 - 0x00007ff96e50f000 	C:\Program Files\Android\Android Studio\jre\jre\bin\verify.dll
0x00007ff959ff0000 - 0x00007ff95a019000 	C:\Program Files\Android\Android Studio\jre\jre\bin\java.dll
0x00007ff967280000 - 0x00007ff967296000 	C:\Program Files\Android\Android Studio\jre\jre\bin\zip.dll
0x00007ff971e70000 - 0x00007ff972554000 	C:\WINDOWS\System32\SHELL32.dll
0x00007ff970b70000 - 0x00007ff970c19000 	C:\WINDOWS\System32\shcore.dll
0x00007ff96fd40000 - 0x00007ff9704be000 	C:\WINDOWS\System32\windows.storage.dll
0x00007ff96f9b0000 - 0x00007ff96f9d3000 	C:\WINDOWS\System32\profapi.dll
0x00007ff96fa00000 - 0x00007ff96fa4a000 	C:\WINDOWS\System32\powrprof.dll
0x00007ff96f980000 - 0x00007ff96f990000 	C:\WINDOWS\System32\UMPDC.dll
0x00007ff972560000 - 0x00007ff9725b2000 	C:\WINDOWS\System32\shlwapi.dll
0x00007ff96f9e0000 - 0x00007ff96f9f1000 	C:\WINDOWS\System32\kernel.appcore.dll
0x00007ff970aa0000 - 0x00007ff970ab7000 	C:\WINDOWS\System32\cryptsp.dll
0x00007ff960760000 - 0x00007ff96077a000 	C:\Program Files\Android\Android Studio\jre\jre\bin\net.dll
0x00007ff967880000 - 0x00007ff967a56000 	C:\WINDOWS\SYSTEM32\urlmon.dll
0x00007ff95a840000 - 0x00007ff95aae6000 	C:\WINDOWS\SYSTEM32\iertutil.dll
0x00007ff96f3c0000 - 0x00007ff96f3cc000 	C:\WINDOWS\SYSTEM32\CRYPTBASE.DLL
0x00007ff96f1f0000 - 0x00007ff96f257000 	C:\WINDOWS\system32\mswsock.dll
0x00007ff960620000 - 0x00007ff960633000 	C:\Program Files\Android\Android Studio\jre\jre\bin\nio.dll
0x00007ff953bb0000 - 0x00007ff953bd6000 	C:\Users\user\.gradle\native\30\windows-amd64\native-platform.dll
0x00007ff96be70000 - 0x00007ff96be7d000 	C:\Program Files\Android\Android Studio\jre\jre\bin\management.dll
0x00007ff96ed00000 - 0x00007ff96ed33000 	C:\WINDOWS\system32\rsaenh.dll
0x00007ff9707d0000 - 0x00007ff9707f6000 	C:\WINDOWS\System32\bcrypt.dll
0x00007ff96f870000 - 0x00007ff96f895000 	C:\WINDOWS\SYSTEM32\USERENV.dll
0x00007ff96ef00000 - 0x00007ff96ef3a000 	C:\WINDOWS\SYSTEM32\IPHLPAPI.DLL
0x00007ff972a70000 - 0x00007ff972a78000 	C:\WINDOWS\System32\NSI.dll
0x00007ff962040000 - 0x00007ff962056000 	C:\WINDOWS\SYSTEM32\dhcpcsvc6.DLL
0x00007ff962e00000 - 0x00007ff962e1c000 	C:\WINDOWS\SYSTEM32\dhcpcsvc.DLL
0x00007ff96ef40000 - 0x00007ff96f00b000 	C:\WINDOWS\SYSTEM32\DNSAPI.dll

VM Arguments:
jvm_args: -Dorg.gradle.appname=gradlew 
java_command: org.gradle.wrapper.GradleWrapperMain -q -Ptarget-platform=android-arm -Ptarget=C:\Users\user\AndroidStudioProjects\flutter_app\lib\main.dart -Ptrack-widget-creation=true -Pfilesystem-scheme=org-dartlang-root assembleDebug
java_class_path (initial): C:\Users\user\AndroidStudioProjects\flutter_app\android\\gradle\wrapper\gradle-wrapper.jar
Launcher Type: SUN_STANDARD

Environment Variables:
JAVA_HOME=C:\Program Files\Android\Android Studio\jre
CLASSPATH=C:\Users\user\AndroidStudioProjects\flutter_app\android\\gradle\wrapper\gradle-wrapper.jar
PATH=C:\Program Files\Java\jdk1.8.0_121\bin;C:\WINDOWS\system32;C:\WINDOWS;C:\WINDOWS\System32\Wbem;C:\WINDOWS\System32\WindowsPowerShell\v1.0\;C:\WINDOWS\System32\OpenSSH\;C:\Program Files\Git\cmd;C:\Users\user\Anaconda3;C:\Users\user\Anaconda3\Library\mingw-w64\bin;C:\Users\user\Anaconda3\Library\usr\bin;C:\Users\user\Anaconda3\Library\bin;C:\Users\user\Anaconda3\Scripts;C:\Windows\System32;C:\Users\user\AppData\Local\Programs\Python\Python36\;C:\Users\user\OneDrive;C:\Users\user\AppData\Local\Microsoft\WindowsApps;C:\Program Files\Intel\WiFi\bin\;C:\Program Files\Common Files\Intel\WirelessCommon\;C:\Program Files\Java\jdk1.8.0_121\bin\;C:\Users\user\flutter\bin\;C:\Users\user\AppData\Local\GitHubDesktop\bin;C:\Users\user\flutter\bin\mingit\cmd
USERNAME=user
OS=Windows_NT
PROCESSOR_IDENTIFIER=Intel64 Family 6 Model 61 Stepping 4, GenuineIntel



---------------  S Y S T E M  ---------------

OS: Windows 10.0 , 64 bit Build 18362 (10.0.18362.778)

CPU:total 4 (initial active 4) (2 cores per cpu, 2 threads per core) family 6 model 61 stepping 4, cmov, cx8, fxsr, mmx, sse, sse2, sse3, ssse3, sse4.1, sse4.2, popcnt, avx, avx2, aes, clmul, erms, 3dnowpref, lzcnt, ht, tsc, tscinvbit, bmi1, bmi2, adx

Memory: 4k page, physical 8296260k(1321344k free), swap 9725764k(3192k free)

vm_info: OpenJDK 64-Bit Server VM (25.212-b04) for windows-amd64 JRE (1.8.0_212-release-1586-b04), built by "builder" with MS VC++ 10.0 (VS2010)

time: Mon Jun 01 00:31:06 2020
timezone: India Standard Time
elapsed time: 5 seconds (0d 0h 0m 5s)

